<?xml version="1.0" encoding="UTF-8"?>
<!-- Generated by org.testng.reporters.JUnitReportReporter -->
<testsuite hostname="Sanjay-Asus" failures="0" tests="2" name="com.test.TestNGDemo.NewTest" time="0.016" errors="0" timestamp="2023-06-15T20:28:09 IST" skipped="0">
  <testcase classname="com.test.TestNGDemo.NewTest" name="sub" time="0.013"/>
  <system-out/>
  <testcase classname="com.test.TestNGDemo.NewTest" name="f" time="0.003"/>
  <system-out/>
</testsuite> <!-- com.test.TestNGDemo.NewTest -->
