<?xml version="1.0" encoding="UTF-8"?>
<!-- Generated by org.testng.reporters.JUnitReportReporter -->
<testsuite hostname="Sanjay-Asus" failures="0" tests="5" name="com.test.TestNGDemo.TestClassEx2" time="0.023" errors="0" timestamp="2023-06-15T20:24:47 IST" skipped="0">
  <testcase classname="com.test.TestNGDemo.TestClassEx2" name="div" time="0.004"/>
  <system-out/>
  <testcase classname="com.test.TestNGDemo.TestClassEx2" name="addsum" time="0.011"/>
  <system-out/>
  <testcase classname="com.test.TestNGDemo.TestClassEx2" name="add" time="0.003"/>
  <system-out/>
  <testcase classname="com.test.TestNGDemo.TestClassEx2" name="sub" time="0.002"/>
  <system-out/>
  <testcase classname="com.test.TestNGDemo.TestClassEx2" name="mul" time="0.003"/>
  <system-out/>
</testsuite> <!-- com.test.TestNGDemo.TestClassEx2 -->
