<?xml version="1.0" encoding="UTF-8"?>
<!-- Generated by org.testng.reporters.JUnitReportReporter -->
<testsuite hostname="Sanjay-Asus" failures="0" tests="5" name="com.test.TestNGDemo.ParallelTest" time="0.017" errors="0" timestamp="2023-06-15T20:29:46 IST" skipped="0">
  <testcase classname="com.test.TestNGDemo.ParallelTest" name="T05" time="0.004"/>
  <system-out/>
  <testcase classname="com.test.TestNGDemo.ParallelTest" name="T03" time="0.002"/>
  <system-out/>
  <testcase classname="com.test.TestNGDemo.ParallelTest" name="T02" time="0.007"/>
  <system-out/>
  <testcase classname="com.test.TestNGDemo.ParallelTest" name="T04" time="0.003"/>
  <system-out/>
  <testcase classname="com.test.TestNGDemo.ParallelTest" name="T01" time="0.001"/>
  <system-out/>
</testsuite> <!-- com.test.TestNGDemo.ParallelTest -->
