<?xml version="1.0" encoding="UTF-8"?>
<!-- Generated by org.testng.reporters.JUnitReportReporter -->
<testsuite hostname="Sanjay-Asus" failures="0" tests="1" name="com.test.TestNGDemo.TestClassEx1" time="35.194" errors="0" timestamp="2023-06-15T20:18:43 IST" skipped="0">
  <testcase classname="com.test.TestNGDemo.TestClassEx1" name="checkTitle" time="35.194"/>
  <system-out/>
</testsuite> <!-- com.test.TestNGDemo.TestClassEx1 -->
