<?xml version="1.0" encoding="UTF-8"?>
<!-- Generated by org.testng.reporters.JUnitReportReporter -->
<testsuite hostname="Sanjay-Asus" failures="0" tests="1" name="com.test.TestNGDemo.NewTestClass" time="4.556" errors="0" timestamp="2023-03-28T12:41:45 IST" skipped="0">
  <testcase classname="com.test.TestNGDemo.NewTestClass" name="f" time="4.556"/>
  <system-out/>
</testsuite> <!-- com.test.TestNGDemo.NewTestClass -->
